<?xml version="1.0" encoding="UTF-8"?>
<testsuite xmlns:xsi="http://www.w3.org/2001/XMLSchema-instance" xsi:noNamespaceSchemaLocation="https://maven.apache.org/surefire/maven-surefire-plugin/xsd/surefire-test-report-3.0.xsd" version="3.0" name="unit.servicelayer.customer.CreateCustomerTest" time="1.101" tests="1" errors="0" skipped="0" failures="0">
  <properties>
    <property name="java.specification.version" value="15"/>
    <property name="sun.jnu.encoding" value="UTF-8"/>
    <property name="java.class.path" value="/Users/sofieamalielandt/Documents/Softwareudvikling/2. Semester/Software Testing/Assignment3/test2020fall-BookingSystem-master/target/test-classes:/Users/sofieamalielandt/Documents/Softwareudvikling/2. Semester/Software Testing/Assignment3/test2020fall-BookingSystem-master/target/classes:/Users/sofieamalielandt/.m2/repository/org/junit/jupiter/junit-jupiter/5.7.0/junit-jupiter-5.7.0.jar:/Users/sofieamalielandt/.m2/repository/org/junit/jupiter/junit-jupiter-api/5.7.0/junit-jupiter-api-5.7.0.jar:/Users/sofieamalielandt/.m2/repository/org/apiguardian/apiguardian-api/1.1.0/apiguardian-api-1.1.0.jar:/Users/sofieamalielandt/.m2/repository/org/opentest4j/opentest4j/1.2.0/opentest4j-1.2.0.jar:/Users/sofieamalielandt/.m2/repository/org/junit/platform/junit-platform-commons/1.7.0/junit-platform-commons-1.7.0.jar:/Users/sofieamalielandt/.m2/repository/org/junit/jupiter/junit-jupiter-params/5.7.0/junit-jupiter-params-5.7.0.jar:/Users/sofieamalielandt/.m2/repository/org/junit/jupiter/junit-jupiter-engine/5.7.0/junit-jupiter-engine-5.7.0.jar:/Users/sofieamalielandt/.m2/repository/org/junit/platform/junit-platform-engine/1.7.0/junit-platform-engine-1.7.0.jar:/Users/sofieamalielandt/.m2/repository/org/slf4j/slf4j-simple/1.7.30/slf4j-simple-1.7.30.jar:/Users/sofieamalielandt/.m2/repository/org/slf4j/slf4j-api/1.7.30/slf4j-api-1.7.30.jar:/Users/sofieamalielandt/.m2/repository/org/testcontainers/testcontainers/1.15.0-rc2/testcontainers-1.15.0-rc2.jar:/Users/sofieamalielandt/.m2/repository/junit/junit/4.12/junit-4.12.jar:/Users/sofieamalielandt/.m2/repository/org/hamcrest/hamcrest-core/1.3/hamcrest-core-1.3.jar:/Users/sofieamalielandt/.m2/repository/org/apache/commons/commons-compress/1.20/commons-compress-1.20.jar:/Users/sofieamalielandt/.m2/repository/org/rnorth/duct-tape/duct-tape/1.0.8/duct-tape-1.0.8.jar:/Users/sofieamalielandt/.m2/repository/org/rnorth/visible-assertions/visible-assertions/2.1.2/visible-assertions-2.1.2.jar:/Users/sofieamalielandt/.m2/repository/net/java/dev/jna/jna/5.2.0/jna-5.2.0.jar:/Users/sofieamalielandt/.m2/repository/com/github/docker-java/docker-java-api/3.2.5/docker-java-api-3.2.5.jar:/Users/sofieamalielandt/.m2/repository/com/fasterxml/jackson/core/jackson-annotations/2.10.3/jackson-annotations-2.10.3.jar:/Users/sofieamalielandt/.m2/repository/com/github/docker-java/docker-java-transport-zerodep/3.2.5/docker-java-transport-zerodep-3.2.5.jar:/Users/sofieamalielandt/.m2/repository/com/github/docker-java/docker-java-transport/3.2.5/docker-java-transport-3.2.5.jar:/Users/sofieamalielandt/.m2/repository/org/testcontainers/mysql/1.15.0-rc2/mysql-1.15.0-rc2.jar:/Users/sofieamalielandt/.m2/repository/org/testcontainers/jdbc/1.15.0-rc2/jdbc-1.15.0-rc2.jar:/Users/sofieamalielandt/.m2/repository/org/testcontainers/database-commons/1.15.0-rc2/database-commons-1.15.0-rc2.jar:/Users/sofieamalielandt/.m2/repository/org/testcontainers/junit-jupiter/1.15.0-rc2/junit-jupiter-1.15.0-rc2.jar:/Users/sofieamalielandt/.m2/repository/com/github/javafaker/javafaker/1.0.2/javafaker-1.0.2.jar:/Users/sofieamalielandt/.m2/repository/org/apache/commons/commons-lang3/3.5/commons-lang3-3.5.jar:/Users/sofieamalielandt/.m2/repository/org/yaml/snakeyaml/1.23/snakeyaml-1.23-android.jar:/Users/sofieamalielandt/.m2/repository/com/github/mifmif/generex/1.0.2/generex-1.0.2.jar:/Users/sofieamalielandt/.m2/repository/dk/brics/automaton/automaton/1.11-8/automaton-1.11-8.jar:/Users/sofieamalielandt/.m2/repository/org/flywaydb/flyway-core/7.0.0/flyway-core-7.0.0.jar:/Users/sofieamalielandt/.m2/repository/software/amazon/awssdk/s3/2.10.56/s3-2.10.56.jar:/Users/sofieamalielandt/.m2/repository/software/amazon/awssdk/aws-xml-protocol/2.10.56/aws-xml-protocol-2.10.56.jar:/Users/sofieamalielandt/.m2/repository/software/amazon/awssdk/aws-query-protocol/2.10.56/aws-query-protocol-2.10.56.jar:/Users/sofieamalielandt/.m2/repository/software/amazon/awssdk/protocol-core/2.10.56/protocol-core-2.10.56.jar:/Users/sofieamalielandt/.m2/repository/software/amazon/awssdk/arns/2.10.56/arns-2.10.56.jar:/Users/sofieamalielandt/.m2/repository/software/amazon/awssdk/profiles/2.10.56/profiles-2.10.56.jar:/Users/sofieamalielandt/.m2/repository/software/amazon/awssdk/sdk-core/2.10.56/sdk-core-2.10.56.jar:/Users/sofieamalielandt/.m2/repository/com/fasterxml/jackson/core/jackson-core/2.10.0/jackson-core-2.10.0.jar:/Users/sofieamalielandt/.m2/repository/com/fasterxml/jackson/core/jackson-databind/2.10.0/jackson-databind-2.10.0.jar:/Users/sofieamalielandt/.m2/repository/org/reactivestreams/reactive-streams/1.0.2/reactive-streams-1.0.2.jar:/Users/sofieamalielandt/.m2/repository/software/amazon/awssdk/auth/2.10.56/auth-2.10.56.jar:/Users/sofieamalielandt/.m2/repository/software/amazon/eventstream/eventstream/1.0.1/eventstream-1.0.1.jar:/Users/sofieamalielandt/.m2/repository/software/amazon/awssdk/http-client-spi/2.10.56/http-client-spi-2.10.56.jar:/Users/sofieamalielandt/.m2/repository/software/amazon/awssdk/regions/2.10.56/regions-2.10.56.jar:/Users/sofieamalielandt/.m2/repository/software/amazon/awssdk/annotations/2.10.56/annotations-2.10.56.jar:/Users/sofieamalielandt/.m2/repository/software/amazon/awssdk/utils/2.10.56/utils-2.10.56.jar:/Users/sofieamalielandt/.m2/repository/software/amazon/awssdk/aws-core/2.10.56/aws-core-2.10.56.jar:/Users/sofieamalielandt/.m2/repository/software/amazon/awssdk/apache-client/2.10.56/apache-client-2.10.56.jar:/Users/sofieamalielandt/.m2/repository/org/apache/httpcomponents/httpclient/4.5.9/httpclient-4.5.9.jar:/Users/sofieamalielandt/.m2/repository/commons-logging/commons-logging/1.2/commons-logging-1.2.jar:/Users/sofieamalielandt/.m2/repository/commons-codec/commons-codec/1.11/commons-codec-1.11.jar:/Users/sofieamalielandt/.m2/repository/org/apache/httpcomponents/httpcore/4.4.11/httpcore-4.4.11.jar:/Users/sofieamalielandt/.m2/repository/software/amazon/awssdk/netty-nio-client/2.10.56/netty-nio-client-2.10.56.jar:/Users/sofieamalielandt/.m2/repository/io/netty/netty-codec-http/4.1.42.Final/netty-codec-http-4.1.42.Final.jar:/Users/sofieamalielandt/.m2/repository/io/netty/netty-codec-http2/4.1.42.Final/netty-codec-http2-4.1.42.Final.jar:/Users/sofieamalielandt/.m2/repository/io/netty/netty-codec/4.1.42.Final/netty-codec-4.1.42.Final.jar:/Users/sofieamalielandt/.m2/repository/io/netty/netty-transport/4.1.42.Final/netty-transport-4.1.42.Final.jar:/Users/sofieamalielandt/.m2/repository/io/netty/netty-resolver/4.1.42.Final/netty-resolver-4.1.42.Final.jar:/Users/sofieamalielandt/.m2/repository/io/netty/netty-common/4.1.42.Final/netty-common-4.1.42.Final.jar:/Users/sofieamalielandt/.m2/repository/io/netty/netty-buffer/4.1.42.Final/netty-buffer-4.1.42.Final.jar:/Users/sofieamalielandt/.m2/repository/io/netty/netty-handler/4.1.42.Final/netty-handler-4.1.42.Final.jar:/Users/sofieamalielandt/.m2/repository/io/netty/netty-transport-native-epoll/4.1.42.Final/netty-transport-native-epoll-4.1.42.Final-linux-x86_64.jar:/Users/sofieamalielandt/.m2/repository/io/netty/netty-transport-native-unix-common/4.1.42.Final/netty-transport-native-unix-common-4.1.42.Final.jar:/Users/sofieamalielandt/.m2/repository/com/typesafe/netty/netty-reactive-streams-http/2.0.4/netty-reactive-streams-http-2.0.4.jar:/Users/sofieamalielandt/.m2/repository/com/typesafe/netty/netty-reactive-streams/2.0.4/netty-reactive-streams-2.0.4.jar:/Users/sofieamalielandt/.m2/repository/mysql/mysql-connector-java/8.0.21/mysql-connector-java-8.0.21.jar:/Users/sofieamalielandt/.m2/repository/com/google/protobuf/protobuf-java/3.11.4/protobuf-java-3.11.4.jar:/Users/sofieamalielandt/.m2/repository/org/mockito/mockito-junit-jupiter/3.5.13/mockito-junit-jupiter-3.5.13.jar:/Users/sofieamalielandt/.m2/repository/org/mockito/mockito-core/3.5.13/mockito-core-3.5.13.jar:/Users/sofieamalielandt/.m2/repository/net/bytebuddy/byte-buddy/1.10.15/byte-buddy-1.10.15.jar:/Users/sofieamalielandt/.m2/repository/net/bytebuddy/byte-buddy-agent/1.10.15/byte-buddy-agent-1.10.15.jar:/Users/sofieamalielandt/.m2/repository/org/objenesis/objenesis/3.1/objenesis-3.1.jar:"/>
    <property name="java.vm.vendor" value="Amazon.com Inc."/>
    <property name="sun.arch.data.model" value="64"/>
    <property name="java.vendor.url" value="https://aws.amazon.com/corretto/"/>
    <property name="os.name" value="Mac OS X"/>
    <property name="java.vm.specification.version" value="15"/>
    <property name="sun.java.launcher" value="SUN_STANDARD"/>
    <property name="user.country" value="DK"/>
    <property name="sun.boot.library.path" value="/Users/sofieamalielandt/Library/Java/JavaVirtualMachines/corretto-15.0.2/Contents/Home/lib"/>
    <property name="sun.java.command" value="/Users/sofieamalielandt/Documents/Softwareudvikling/2. Semester/Software Testing/Assignment3/test2020fall-BookingSystem-master/target/surefire/surefirebooter136652302862117203.jar /Users/sofieamalielandt/Documents/Softwareudvikling/2. Semester/Software Testing/Assignment3/test2020fall-BookingSystem-master/target/surefire 2021-11-02T13-22-21_356-jvmRun1 surefire13871080261723101039tmp surefire_04659703885592255794tmp"/>
    <property name="http.nonProxyHosts" value="local|*.local|169.254/16|*.169.254/16"/>
    <property name="jdk.debug" value="release"/>
    <property name="surefire.test.class.path" value="/Users/sofieamalielandt/Documents/Softwareudvikling/2. Semester/Software Testing/Assignment3/test2020fall-BookingSystem-master/target/test-classes:/Users/sofieamalielandt/Documents/Softwareudvikling/2. Semester/Software Testing/Assignment3/test2020fall-BookingSystem-master/target/classes:/Users/sofieamalielandt/.m2/repository/org/junit/jupiter/junit-jupiter/5.7.0/junit-jupiter-5.7.0.jar:/Users/sofieamalielandt/.m2/repository/org/junit/jupiter/junit-jupiter-api/5.7.0/junit-jupiter-api-5.7.0.jar:/Users/sofieamalielandt/.m2/repository/org/apiguardian/apiguardian-api/1.1.0/apiguardian-api-1.1.0.jar:/Users/sofieamalielandt/.m2/repository/org/opentest4j/opentest4j/1.2.0/opentest4j-1.2.0.jar:/Users/sofieamalielandt/.m2/repository/org/junit/platform/junit-platform-commons/1.7.0/junit-platform-commons-1.7.0.jar:/Users/sofieamalielandt/.m2/repository/org/junit/jupiter/junit-jupiter-params/5.7.0/junit-jupiter-params-5.7.0.jar:/Users/sofieamalielandt/.m2/repository/org/junit/jupiter/junit-jupiter-engine/5.7.0/junit-jupiter-engine-5.7.0.jar:/Users/sofieamalielandt/.m2/repository/org/junit/platform/junit-platform-engine/1.7.0/junit-platform-engine-1.7.0.jar:/Users/sofieamalielandt/.m2/repository/org/slf4j/slf4j-simple/1.7.30/slf4j-simple-1.7.30.jar:/Users/sofieamalielandt/.m2/repository/org/slf4j/slf4j-api/1.7.30/slf4j-api-1.7.30.jar:/Users/sofieamalielandt/.m2/repository/org/testcontainers/testcontainers/1.15.0-rc2/testcontainers-1.15.0-rc2.jar:/Users/sofieamalielandt/.m2/repository/junit/junit/4.12/junit-4.12.jar:/Users/sofieamalielandt/.m2/repository/org/hamcrest/hamcrest-core/1.3/hamcrest-core-1.3.jar:/Users/sofieamalielandt/.m2/repository/org/apache/commons/commons-compress/1.20/commons-compress-1.20.jar:/Users/sofieamalielandt/.m2/repository/org/rnorth/duct-tape/duct-tape/1.0.8/duct-tape-1.0.8.jar:/Users/sofieamalielandt/.m2/repository/org/rnorth/visible-assertions/visible-assertions/2.1.2/visible-assertions-2.1.2.jar:/Users/sofieamalielandt/.m2/repository/net/java/dev/jna/jna/5.2.0/jna-5.2.0.jar:/Users/sofieamalielandt/.m2/repository/com/github/docker-java/docker-java-api/3.2.5/docker-java-api-3.2.5.jar:/Users/sofieamalielandt/.m2/repository/com/fasterxml/jackson/core/jackson-annotations/2.10.3/jackson-annotations-2.10.3.jar:/Users/sofieamalielandt/.m2/repository/com/github/docker-java/docker-java-transport-zerodep/3.2.5/docker-java-transport-zerodep-3.2.5.jar:/Users/sofieamalielandt/.m2/repository/com/github/docker-java/docker-java-transport/3.2.5/docker-java-transport-3.2.5.jar:/Users/sofieamalielandt/.m2/repository/org/testcontainers/mysql/1.15.0-rc2/mysql-1.15.0-rc2.jar:/Users/sofieamalielandt/.m2/repository/org/testcontainers/jdbc/1.15.0-rc2/jdbc-1.15.0-rc2.jar:/Users/sofieamalielandt/.m2/repository/org/testcontainers/database-commons/1.15.0-rc2/database-commons-1.15.0-rc2.jar:/Users/sofieamalielandt/.m2/repository/org/testcontainers/junit-jupiter/1.15.0-rc2/junit-jupiter-1.15.0-rc2.jar:/Users/sofieamalielandt/.m2/repository/com/github/javafaker/javafaker/1.0.2/javafaker-1.0.2.jar:/Users/sofieamalielandt/.m2/repository/org/apache/commons/commons-lang3/3.5/commons-lang3-3.5.jar:/Users/sofieamalielandt/.m2/repository/org/yaml/snakeyaml/1.23/snakeyaml-1.23-android.jar:/Users/sofieamalielandt/.m2/repository/com/github/mifmif/generex/1.0.2/generex-1.0.2.jar:/Users/sofieamalielandt/.m2/repository/dk/brics/automaton/automaton/1.11-8/automaton-1.11-8.jar:/Users/sofieamalielandt/.m2/repository/org/flywaydb/flyway-core/7.0.0/flyway-core-7.0.0.jar:/Users/sofieamalielandt/.m2/repository/software/amazon/awssdk/s3/2.10.56/s3-2.10.56.jar:/Users/sofieamalielandt/.m2/repository/software/amazon/awssdk/aws-xml-protocol/2.10.56/aws-xml-protocol-2.10.56.jar:/Users/sofieamalielandt/.m2/repository/software/amazon/awssdk/aws-query-protocol/2.10.56/aws-query-protocol-2.10.56.jar:/Users/sofieamalielandt/.m2/repository/software/amazon/awssdk/protocol-core/2.10.56/protocol-core-2.10.56.jar:/Users/sofieamalielandt/.m2/repository/software/amazon/awssdk/arns/2.10.56/arns-2.10.56.jar:/Users/sofieamalielandt/.m2/repository/software/amazon/awssdk/profiles/2.10.56/profiles-2.10.56.jar:/Users/sofieamalielandt/.m2/repository/software/amazon/awssdk/sdk-core/2.10.56/sdk-core-2.10.56.jar:/Users/sofieamalielandt/.m2/repository/com/fasterxml/jackson/core/jackson-core/2.10.0/jackson-core-2.10.0.jar:/Users/sofieamalielandt/.m2/repository/com/fasterxml/jackson/core/jackson-databind/2.10.0/jackson-databind-2.10.0.jar:/Users/sofieamalielandt/.m2/repository/org/reactivestreams/reactive-streams/1.0.2/reactive-streams-1.0.2.jar:/Users/sofieamalielandt/.m2/repository/software/amazon/awssdk/auth/2.10.56/auth-2.10.56.jar:/Users/sofieamalielandt/.m2/repository/software/amazon/eventstream/eventstream/1.0.1/eventstream-1.0.1.jar:/Users/sofieamalielandt/.m2/repository/software/amazon/awssdk/http-client-spi/2.10.56/http-client-spi-2.10.56.jar:/Users/sofieamalielandt/.m2/repository/software/amazon/awssdk/regions/2.10.56/regions-2.10.56.jar:/Users/sofieamalielandt/.m2/repository/software/amazon/awssdk/annotations/2.10.56/annotations-2.10.56.jar:/Users/sofieamalielandt/.m2/repository/software/amazon/awssdk/utils/2.10.56/utils-2.10.56.jar:/Users/sofieamalielandt/.m2/repository/software/amazon/awssdk/aws-core/2.10.56/aws-core-2.10.56.jar:/Users/sofieamalielandt/.m2/repository/software/amazon/awssdk/apache-client/2.10.56/apache-client-2.10.56.jar:/Users/sofieamalielandt/.m2/repository/org/apache/httpcomponents/httpclient/4.5.9/httpclient-4.5.9.jar:/Users/sofieamalielandt/.m2/repository/commons-logging/commons-logging/1.2/commons-logging-1.2.jar:/Users/sofieamalielandt/.m2/repository/commons-codec/commons-codec/1.11/commons-codec-1.11.jar:/Users/sofieamalielandt/.m2/repository/org/apache/httpcomponents/httpcore/4.4.11/httpcore-4.4.11.jar:/Users/sofieamalielandt/.m2/repository/software/amazon/awssdk/netty-nio-client/2.10.56/netty-nio-client-2.10.56.jar:/Users/sofieamalielandt/.m2/repository/io/netty/netty-codec-http/4.1.42.Final/netty-codec-http-4.1.42.Final.jar:/Users/sofieamalielandt/.m2/repository/io/netty/netty-codec-http2/4.1.42.Final/netty-codec-http2-4.1.42.Final.jar:/Users/sofieamalielandt/.m2/repository/io/netty/netty-codec/4.1.42.Final/netty-codec-4.1.42.Final.jar:/Users/sofieamalielandt/.m2/repository/io/netty/netty-transport/4.1.42.Final/netty-transport-4.1.42.Final.jar:/Users/sofieamalielandt/.m2/repository/io/netty/netty-resolver/4.1.42.Final/netty-resolver-4.1.42.Final.jar:/Users/sofieamalielandt/.m2/repository/io/netty/netty-common/4.1.42.Final/netty-common-4.1.42.Final.jar:/Users/sofieamalielandt/.m2/repository/io/netty/netty-buffer/4.1.42.Final/netty-buffer-4.1.42.Final.jar:/Users/sofieamalielandt/.m2/repository/io/netty/netty-handler/4.1.42.Final/netty-handler-4.1.42.Final.jar:/Users/sofieamalielandt/.m2/repository/io/netty/netty-transport-native-epoll/4.1.42.Final/netty-transport-native-epoll-4.1.42.Final-linux-x86_64.jar:/Users/sofieamalielandt/.m2/repository/io/netty/netty-transport-native-unix-common/4.1.42.Final/netty-transport-native-unix-common-4.1.42.Final.jar:/Users/sofieamalielandt/.m2/repository/com/typesafe/netty/netty-reactive-streams-http/2.0.4/netty-reactive-streams-http-2.0.4.jar:/Users/sofieamalielandt/.m2/repository/com/typesafe/netty/netty-reactive-streams/2.0.4/netty-reactive-streams-2.0.4.jar:/Users/sofieamalielandt/.m2/repository/mysql/mysql-connector-java/8.0.21/mysql-connector-java-8.0.21.jar:/Users/sofieamalielandt/.m2/repository/com/google/protobuf/protobuf-java/3.11.4/protobuf-java-3.11.4.jar:/Users/sofieamalielandt/.m2/repository/org/mockito/mockito-junit-jupiter/3.5.13/mockito-junit-jupiter-3.5.13.jar:/Users/sofieamalielandt/.m2/repository/org/mockito/mockito-core/3.5.13/mockito-core-3.5.13.jar:/Users/sofieamalielandt/.m2/repository/net/bytebuddy/byte-buddy/1.10.15/byte-buddy-1.10.15.jar:/Users/sofieamalielandt/.m2/repository/net/bytebuddy/byte-buddy-agent/1.10.15/byte-buddy-agent-1.10.15.jar:/Users/sofieamalielandt/.m2/repository/org/objenesis/objenesis/3.1/objenesis-3.1.jar:"/>
    <property name="sun.cpu.endian" value="little"/>
    <property name="user.home" value="/Users/sofieamalielandt"/>
    <property name="user.language" value="da"/>
    <property name="java.specification.vendor" value="Oracle Corporation"/>
    <property name="java.version.date" value="2021-01-19"/>
    <property name="java.home" value="/Users/sofieamalielandt/Library/Java/JavaVirtualMachines/corretto-15.0.2/Contents/Home"/>
    <property name="file.separator" value="/"/>
    <property name="basedir" value="/Users/sofieamalielandt/Documents/Softwareudvikling/2. Semester/Software Testing/Assignment3/test2020fall-BookingSystem-master"/>
    <property name="java.vm.compressedOopsMode" value="Zero based"/>
    <property name="line.separator" value="&#10;"/>
    <property name="java.specification.name" value="Java Platform API Specification"/>
    <property name="java.vm.specification.vendor" value="Oracle Corporation"/>
    <property name="surefire.real.class.path" value="/Users/sofieamalielandt/Documents/Softwareudvikling/2. Semester/Software Testing/Assignment3/test2020fall-BookingSystem-master/target/surefire/surefirebooter136652302862117203.jar"/>
    <property name="sun.management.compiler" value="HotSpot 64-Bit Tiered Compilers"/>
    <property name="ftp.nonProxyHosts" value="local|*.local|169.254/16|*.169.254/16"/>
    <property name="java.runtime.version" value="15.0.2+7"/>
    <property name="user.name" value="sofieamalielandt"/>
    <property name="path.separator" value=":"/>
    <property name="os.version" value="11.4"/>
    <property name="java.runtime.name" value="OpenJDK Runtime Environment"/>
    <property name="file.encoding" value="UTF-8"/>
    <property name="java.vm.name" value="OpenJDK 64-Bit Server VM"/>
    <property name="java.vendor.version" value="Corretto-15.0.2.7.1"/>
    <property name="localRepository" value="/Users/sofieamalielandt/.m2/repository"/>
    <property name="java.vendor.url.bug" value="https://github.com/corretto/corretto-jdk/issues/"/>
    <property name="java.io.tmpdir" value="/var/folders/z8/s4v2y3gx7hs1dfmr_k70pf6r0000gn/T/"/>
    <property name="idea.version" value="2021.2.2"/>
    <property name="java.version" value="15.0.2"/>
    <property name="user.dir" value="/Users/sofieamalielandt/Documents/Softwareudvikling/2. Semester/Software Testing/Assignment3/test2020fall-BookingSystem-master"/>
    <property name="os.arch" value="x86_64"/>
    <property name="java.vm.specification.name" value="Java Virtual Machine Specification"/>
    <property name="java.library.path" value="/Users/sofieamalielandt/Library/Java/Extensions:/Library/Java/Extensions:/Network/Library/Java/Extensions:/System/Library/Java/Extensions:/usr/lib/java:."/>
    <property name="java.vm.info" value="mixed mode, sharing"/>
    <property name="java.vendor" value="Amazon.com Inc."/>
    <property name="java.vm.version" value="15.0.2+7"/>
    <property name="sun.io.unicode.encoding" value="UnicodeBig"/>
    <property name="socksNonProxyHosts" value="local|*.local|169.254/16|*.169.254/16"/>
    <property name="java.class.version" value="59.0"/>
  </properties>
  <testcase name="mustCallStorageWhenCreatingCustomer" classname="unit.servicelayer.customer.CreateCustomerTest" time="0.052"/>
</testsuite>